2026-01-19 20:51:37,790 - __main__ - INFO - ============================================================
2026-01-19 20:51:37,790 - __main__ - INFO - Запуск Task Manager vBeta
2026-01-19 20:51:37,790 - __main__ - INFO - ============================================================
2026-01-19 20:51:37,790 - __main__ - INFO - Директория данных: d:\pythonFILE\TaskManagerApp\app\data
2026-01-19 20:51:37,790 - __main__ - INFO - Директория логов: d:\pythonFILE\TaskManagerApp\app\logs
2026-01-19 20:51:37,790 - __main__ - INFO - Репозитории инициализированы
2026-01-19 20:51:37,791 - __main__ - INFO - Сервисы инициализированы
2026-01-19 20:51:37,791 - __main__ - INFO - Запуск пользовательского интерфейса
2026-01-19 20:51:37,792 - WorkspaceService - INFO - Загрузка всех workspace
2026-01-19 20:51:37,792 - WorkspaceRepository - ERROR - Ошибка декодирования JSON из d:\pythonFILE\TaskManagerApp\app\data\workspaces.json: Expecting value: line 1 column 1 (char 0)
2026-01-19 20:51:37,792 - ConsoleUI - CRITICAL - Критическая ошибка: Expecting value: line 1 column 1 (char 0)
Traceback (most recent call last):
  File "d:\pythonFILE\TaskManagerApp\app\ui\console_ui.py", line 40, in run
    self.workspace_service.load_all()
  File "d:\pythonFILE\TaskManagerApp\app\services\workspace_service.py", line 39, in load_all
    workspaces = self._workspace_repository.load()
                 ^^^^^^^^^^^^^^^^^^^^^^^^^^^^^^^^^
  File "d:\pythonFILE\TaskManagerApp\app\repositories\workspace_repository.py", line 53, in load
    data = self._read_json(file_path)
           ^^^^^^^^^^^^^^^^^^^^^^^^^^
  File "d:\pythonFILE\TaskManagerApp\app\repositories\base_repository.py", line 54, in _read_json
    data = json.load(f)
           ^^^^^^^^^^^^
  File "C:\Users\Adam1\AppData\Local\Programs\Python\Python311\Lib\json\__init__.py", line 293, in load
    return loads(fp.read(),
           ^^^^^^^^^^^^^^^^
  File "C:\Users\Adam1\AppData\Local\Programs\Python\Python311\Lib\json\__init__.py", line 346, in loads
    return _default_decoder.decode(s)
           ^^^^^^^^^^^^^^^^^^^^^^^^^^
  File "C:\Users\Adam1\AppData\Local\Programs\Python\Python311\Lib\json\decoder.py", line 337, in decode
    obj, end = self.raw_decode(s, idx=_w(s, 0).end())
               ^^^^^^^^^^^^^^^^^^^^^^^^^^^^^^^^^^^^^^
  File "C:\Users\Adam1\AppData\Local\Programs\Python\Python311\Lib\json\decoder.py", line 355, in raw_decode
    raise JSONDecodeError("Expecting value", s, err.value) from None
json.decoder.JSONDecodeError: Expecting value: line 1 column 1 (char 0)
2026-01-19 20:51:37,827 - __main__ - INFO - Приложение завершено успешно
2026-01-19 20:51:58,187 - __main__ - INFO - ============================================================
2026-01-19 20:51:58,187 - __main__ - INFO - Запуск Task Manager vBeta
2026-01-19 20:51:58,187 - __main__ - INFO - ============================================================
2026-01-19 20:51:58,188 - __main__ - INFO - Директория данных: d:\pythonFILE\TaskManagerApp\app\data
2026-01-19 20:51:58,188 - __main__ - INFO - Директория логов: d:\pythonFILE\TaskManagerApp\app\logs
2026-01-19 20:51:58,188 - __main__ - INFO - Репозитории инициализированы
2026-01-19 20:51:58,188 - __main__ - INFO - Сервисы инициализированы
2026-01-19 20:51:58,188 - __main__ - INFO - Запуск пользовательского интерфейса
2026-01-19 20:51:58,189 - WorkspaceService - INFO - Загрузка всех workspace
2026-01-19 20:51:58,189 - WorkspaceRepository - ERROR - Ошибка декодирования JSON из d:\pythonFILE\TaskManagerApp\app\data\workspaces.json: Expecting value: line 1 column 1 (char 0)
2026-01-19 20:51:58,189 - ConsoleUI - CRITICAL - Критическая ошибка: Expecting value: line 1 column 1 (char 0)
Traceback (most recent call last):
  File "d:\pythonFILE\TaskManagerApp\app\ui\console_ui.py", line 40, in run
    self.workspace_service.load_all()
  File "d:\pythonFILE\TaskManagerApp\app\services\workspace_service.py", line 39, in load_all
    workspaces = self._workspace_repository.load()
                 ^^^^^^^^^^^^^^^^^^^^^^^^^^^^^^^^^
  File "d:\pythonFILE\TaskManagerApp\app\repositories\workspace_repository.py", line 53, in load
    data = self._read_json(file_path)
           ^^^^^^^^^^^^^^^^^^^^^^^^^^
  File "d:\pythonFILE\TaskManagerApp\app\repositories\base_repository.py", line 54, in _read_json
    data = json.load(f)
           ^^^^^^^^^^^^
  File "C:\Users\Adam1\AppData\Local\Programs\Python\Python311\Lib\json\__init__.py", line 293, in load
    return loads(fp.read(),
           ^^^^^^^^^^^^^^^^
  File "C:\Users\Adam1\AppData\Local\Programs\Python\Python311\Lib\json\__init__.py", line 346, in loads
    return _default_decoder.decode(s)
           ^^^^^^^^^^^^^^^^^^^^^^^^^^
  File "C:\Users\Adam1\AppData\Local\Programs\Python\Python311\Lib\json\decoder.py", line 337, in decode
    obj, end = self.raw_decode(s, idx=_w(s, 0).end())
               ^^^^^^^^^^^^^^^^^^^^^^^^^^^^^^^^^^^^^^
  File "C:\Users\Adam1\AppData\Local\Programs\Python\Python311\Lib\json\decoder.py", line 355, in raw_decode
    raise JSONDecodeError("Expecting value", s, err.value) from None
json.decoder.JSONDecodeError: Expecting value: line 1 column 1 (char 0)
2026-01-19 20:51:58,192 - __main__ - INFO - Приложение завершено успешно
2026-01-19 21:23:42,100 - __main__ - INFO - ============================================================
2026-01-19 21:23:42,100 - __main__ - INFO - Запуск Task Manager vBeta
2026-01-19 21:23:42,100 - __main__ - INFO - ============================================================
2026-01-19 21:23:42,101 - __main__ - INFO - Директория данных: d:\pythonFILE\TaskManagerApp\app\data
2026-01-19 21:23:42,101 - __main__ - INFO - Директория логов: d:\pythonFILE\TaskManagerApp\app\logs
2026-01-19 21:23:42,101 - __main__ - INFO - Репозитории инициализированы
2026-01-19 21:23:42,101 - __main__ - INFO - Сервисы инициализированы
2026-01-19 21:23:42,101 - __main__ - INFO - Запуск пользовательского интерфейса
2026-01-19 21:23:42,102 - WorkspaceService - INFO - Загрузка всех workspace
2026-01-19 21:23:42,102 - WorkspaceRepository - INFO - Загружено 0 workspace
2026-01-19 21:23:42,102 - WorkspaceService - INFO - Загружено 0 workspace
2026-01-19 21:23:42,102 - ConsoleUI - CRITICAL - Критическая ошибка: Workspace.__init__() got an unexpected keyword argument 'description'
Traceback (most recent call last):
  File "d:\pythonFILE\TaskManagerApp\app\ui\console_ui.py", line 43, in run
    active_ws = self.workspace_service.ensure_active_workspace()
                ^^^^^^^^^^^^^^^^^^^^^^^^^^^^^^^^^^^^^^^^^^^^^^^^
  File "d:\pythonFILE\TaskManagerApp\app\services\workspace_service.py", line 281, in ensure_active_workspace
    return self.create_default_workspace()
           ^^^^^^^^^^^^^^^^^^^^^^^^^^^^^^^
  File "d:\pythonFILE\TaskManagerApp\app\services\workspace_service.py", line 253, in create_default_workspace
    workspace = self.create_workspace(
                ^^^^^^^^^^^^^^^^^^^^^^
  File "d:\pythonFILE\TaskManagerApp\app\services\workspace_service.py", line 63, in create_workspace
    workspace = Workspace(
                ^^^^^^^^^^
TypeError: Workspace.__init__() got an unexpected keyword argument 'description'
2026-01-19 21:23:42,104 - __main__ - INFO - Приложение завершено успешно
2026-01-20 09:40:08,246 - __main__ - INFO - ============================================================
2026-01-20 09:40:08,247 - __main__ - INFO - Запуск Task Manager vBeta
2026-01-20 09:40:08,247 - __main__ - INFO - ============================================================
2026-01-20 09:40:08,290 - __main__ - INFO - Директория данных: d:\pythonFILE\TaskManagerApp\app\data
2026-01-20 09:40:08,290 - __main__ - INFO - Директория логов: d:\pythonFILE\TaskManagerApp\app\logs
2026-01-20 09:40:08,292 - __main__ - INFO - Репозитории инициализированы
2026-01-20 09:40:08,292 - __main__ - INFO - Сервисы инициализированы
2026-01-20 09:40:08,292 - __main__ - INFO - Запуск пользовательского интерфейса
2026-01-20 09:40:08,292 - WorkspaceService - INFO - Загрузка всех workspace
2026-01-20 09:40:08,292 - WorkspaceRepository - ERROR - Ошибка декодирования JSON из d:\pythonFILE\TaskManagerApp\app\data\workspaces.json: Expecting value: line 1 column 1 (char 0)
2026-01-20 09:40:08,292 - ConsoleUI - CRITICAL - Критическая ошибка: Expecting value: line 1 column 1 (char 0)
Traceback (most recent call last):
  File "d:\pythonFILE\TaskManagerApp\app\ui\console_ui.py", line 40, in run
    self.workspace_service.load_all()
  File "d:\pythonFILE\TaskManagerApp\app\services\workspace_service.py", line 39, in load_all
    workspaces = self._workspace_repository.load()
                 ^^^^^^^^^^^^^^^^^^^^^^^^^^^^^^^^^
  File "d:\pythonFILE\TaskManagerApp\app\repositories\workspace_repository.py", line 53, in load
    data = self._read_json(file_path)
           ^^^^^^^^^^^^^^^^^^^^^^^^^^
  File "d:\pythonFILE\TaskManagerApp\app\repositories\base_repository.py", line 54, in _read_json
    data = json.load(f)
           ^^^^^^^^^^^^
  File "C:\Users\Adam1\AppData\Local\Programs\Python\Python311\Lib\json\__init__.py", line 293, in load
    return loads(fp.read(),
           ^^^^^^^^^^^^^^^^
  File "C:\Users\Adam1\AppData\Local\Programs\Python\Python311\Lib\json\__init__.py", line 346, in loads
    return _default_decoder.decode(s)
           ^^^^^^^^^^^^^^^^^^^^^^^^^^
  File "C:\Users\Adam1\AppData\Local\Programs\Python\Python311\Lib\json\decoder.py", line 337, in decode
    obj, end = self.raw_decode(s, idx=_w(s, 0).end())
               ^^^^^^^^^^^^^^^^^^^^^^^^^^^^^^^^^^^^^^
  File "C:\Users\Adam1\AppData\Local\Programs\Python\Python311\Lib\json\decoder.py", line 355, in raw_decode
    raise JSONDecodeError("Expecting value", s, err.value) from None
json.decoder.JSONDecodeError: Expecting value: line 1 column 1 (char 0)
2026-01-20 09:40:08,345 - __main__ - INFO - Приложение завершено успешно
2026-01-20 09:46:40,496 - __main__ - INFO - ============================================================
2026-01-20 09:46:40,496 - __main__ - INFO - Запуск Task Manager vBeta
2026-01-20 09:46:40,496 - __main__ - INFO - ============================================================
2026-01-20 09:46:40,496 - __main__ - INFO - Директория данных: d:\pythonFILE\TaskManagerApp\app\data
2026-01-20 09:46:40,496 - __main__ - INFO - Директория логов: d:\pythonFILE\TaskManagerApp\app\logs
2026-01-20 09:46:40,498 - __main__ - INFO - Репозитории инициализированы
2026-01-20 09:46:40,498 - __main__ - INFO - Сервисы инициализированы
2026-01-20 09:46:40,498 - __main__ - INFO - Запуск пользовательского интерфейса
2026-01-20 09:46:40,498 - WorkspaceService - INFO - Загрузка всех workspace
2026-01-20 09:46:40,498 - WorkspaceRepository - WARNING - Файл пуст: d:\pythonFILE\TaskManagerApp\app\data\workspaces.json
2026-01-20 09:46:40,498 - WorkspaceRepository - INFO - Файл workspaces не найден, создаем пустой список
2026-01-20 09:46:40,498 - WorkspaceService - INFO - Загружено 0 workspace
2026-01-20 09:47:09,381 - ConsoleUI - CRITICAL - Критическая ошибка: Workspace.__init__() got an unexpected keyword argument 'description'
Traceback (most recent call last):
  File "d:\pythonFILE\TaskManagerApp\app\ui\console_ui.py", line 55, in run
    active_ws = self.workspace_service.create_workspace(name, description)
                ^^^^^^^^^^^^^^^^^^^^^^^^^^^^^^^^^^^^^^^^^^^^^^^^^^^^^^^^^^
  File "d:\pythonFILE\TaskManagerApp\app\services\workspace_service.py", line 63, in create_workspace
    workspace = Workspace(
                ^^^^^^^^^^
TypeError: Workspace.__init__() got an unexpected keyword argument 'description'
2026-01-20 09:47:09,383 - __main__ - INFO - Приложение завершено успешно
2026-01-20 09:49:17,733 - __main__ - INFO - ============================================================
2026-01-20 09:49:17,733 - __main__ - INFO - Запуск Task Manager vBeta
2026-01-20 09:49:17,733 - __main__ - INFO - ============================================================
2026-01-20 09:49:17,735 - __main__ - INFO - Директория данных: d:\pythonFILE\TaskManagerApp\app\data
2026-01-20 09:49:17,735 - __main__ - INFO - Директория логов: d:\pythonFILE\TaskManagerApp\app\logs
2026-01-20 09:49:17,735 - __main__ - INFO - Репозитории инициализированы
2026-01-20 09:49:17,735 - __main__ - INFO - Сервисы инициализированы
2026-01-20 09:49:17,735 - __main__ - INFO - Запуск пользовательского интерфейса
2026-01-20 09:49:17,735 - WorkspaceService - INFO - Загрузка всех workspace
2026-01-20 09:49:17,735 - WorkspaceRepository - WARNING - Файл пуст: d:\pythonFILE\TaskManagerApp\app\data\workspaces.json
2026-01-20 09:49:17,735 - WorkspaceRepository - INFO - Файл workspaces не найден, создаем пустой список
2026-01-20 09:49:17,735 - WorkspaceService - INFO - Загружено 0 workspace
2026-01-20 09:49:32,790 - ConsoleUI - CRITICAL - Критическая ошибка: Workspace.__init__() got an unexpected keyword argument 'description'
Traceback (most recent call last):
  File "d:\pythonFILE\TaskManagerApp\app\ui\console_ui.py", line 55, in run
    active_ws = self.workspace_service.create_workspace(name, description)
                ^^^^^^^^^^^^^^^^^^^^^^^^^^^^^^^^^^^^^^^^^^^^^^^^^^^^^^^^^^
  File "d:\pythonFILE\TaskManagerApp\app\services\workspace_service.py", line 63, in create_workspace
    workspace = Workspace(
                ^^^^^^^^^^
TypeError: Workspace.__init__() got an unexpected keyword argument 'description'
2026-01-20 09:49:32,791 - __main__ - INFO - Приложение завершено успешно
2026-01-20 09:59:16,268 - __main__ - INFO - ============================================================
2026-01-20 09:59:16,268 - __main__ - INFO - Запуск Task Manager vBeta
2026-01-20 09:59:16,268 - __main__ - INFO - ============================================================
2026-01-20 09:59:16,268 - __main__ - INFO - Директория данных: d:\pythonFILE\TaskManagerApp\app\data
2026-01-20 09:59:16,268 - __main__ - INFO - Директория логов: d:\pythonFILE\TaskManagerApp\app\logs
2026-01-20 09:59:16,270 - __main__ - INFO - Репозитории инициализированы
2026-01-20 09:59:16,270 - __main__ - INFO - Сервисы инициализированы
2026-01-20 09:59:16,270 - __main__ - INFO - Запуск пользовательского интерфейса
2026-01-20 09:59:16,270 - WorkspaceService - INFO - Загрузка всех workspace
2026-01-20 09:59:16,270 - WorkspaceRepository - WARNING - Файл пуст: d:\pythonFILE\TaskManagerApp\app\data\workspaces.json
2026-01-20 09:59:16,270 - WorkspaceRepository - INFO - Файл workspaces не найден, создаем пустой список
2026-01-20 09:59:16,270 - WorkspaceService - INFO - Загружено 0 workspace
2026-01-20 09:59:27,002 - WorkspaceRepository - WARNING - Файл пуст: d:\pythonFILE\TaskManagerApp\app\data\workspaces.json
2026-01-20 09:59:27,002 - WorkspaceRepository - INFO - Файл workspaces не найден, создаем пустой список
2026-01-20 09:59:27,002 - WorkspaceRepository - INFO - Workspace добавлен: Личное
2026-01-20 09:59:27,004 - WorkspaceRepository - INFO - Сохранено 1 workspace
2026-01-20 09:59:27,004 - WorkspaceService - INFO - Создан workspace: Личное (ID: 71949c37-7916-4b0c-a67f-ed05eec9363d)
2026-01-20 09:59:27,018 - WorkspaceRepository - INFO - Сохранено 1 workspace
2026-01-20 09:59:27,018 - WorkspaceService - INFO - Активирован workspace: Личное
2026-01-20 09:59:27,019 - TaskService - INFO - Загрузка workspace: 71949c37-7916-4b0c-a67f-ed05eec9363d
2026-01-20 09:59:27,019 - TaskRepository - WARNING - Файл не найден: d:\pythonFILE\TaskManagerApp\app\data\tasks\71949c37-7916-4b0c-a67f-ed05eec9363d.json
2026-01-20 09:59:27,019 - TaskRepository - INFO - Файл задач для workspace 71949c37-7916-4b0c-a67f-ed05eec9363d не найден, создаем новый
2026-01-20 09:59:27,019 - TaskService - INFO - Загружено 0 задач для workspace 71949c37-7916-4b0c-a67f-ed05eec9363d
2026-01-20 10:00:43,801 - TaskRepository - INFO - Задачи сохранены для workspace 71949c37-7916-4b0c-a67f-ed05eec9363d
2026-01-20 10:00:43,803 - TaskService - INFO - Задача добавлена: бег 100м на понедельник
2026-01-20 10:01:16,399 - TaskRepository - INFO - Задачи сохранены для workspace 71949c37-7916-4b0c-a67f-ed05eec9363d
2026-01-20 10:01:16,399 - TaskService - INFO - Задача отмечена как выполненная: бег 100м
2026-01-20 10:03:55,683 - __main__ - INFO - Приложение завершено успешно
2026-01-20 10:03:55,935 - __main__ - INFO - ============================================================
2026-01-20 10:03:55,935 - __main__ - INFO - Запуск Task Manager vBeta
2026-01-20 10:03:55,935 - __main__ - INFO - ============================================================
2026-01-20 10:03:55,935 - __main__ - INFO - Директория данных: d:\pythonFILE\TaskManagerApp\app\data
2026-01-20 10:03:55,935 - __main__ - INFO - Директория логов: d:\pythonFILE\TaskManagerApp\app\logs
2026-01-20 10:03:55,935 - __main__ - INFO - Репозитории инициализированы
2026-01-20 10:03:55,935 - __main__ - INFO - Сервисы инициализированы
2026-01-20 10:03:55,935 - __main__ - INFO - Запуск пользовательского интерфейса
2026-01-20 10:03:55,935 - WorkspaceService - INFO - Загрузка всех workspace
2026-01-20 10:03:55,935 - WorkspaceRepository - INFO - Загружено 1 workspace
2026-01-20 10:03:55,937 - WorkspaceService - INFO - Загружено 1 workspace
2026-01-20 10:03:55,937 - TaskService - INFO - Загрузка workspace: 71949c37-7916-4b0c-a67f-ed05eec9363d
2026-01-20 10:03:55,943 - TaskRepository - INFO - Загружено задач для workspace 71949c37-7916-4b0c-a67f-ed05eec9363d: 1
2026-01-20 10:03:55,945 - TaskService - INFO - Загружено 1 задач для workspace 71949c37-7916-4b0c-a67f-ed05eec9363d
2026-01-20 10:04:17,073 - __main__ - INFO - ============================================================
2026-01-20 10:04:17,073 - __main__ - INFO - Запуск Task Manager vBeta
2026-01-20 10:04:17,073 - __main__ - INFO - ============================================================
2026-01-20 10:04:17,074 - __main__ - INFO - Директория данных: d:\pythonFILE\TaskManagerApp\app\data
2026-01-20 10:04:17,074 - __main__ - INFO - Директория логов: d:\pythonFILE\TaskManagerApp\app\logs
2026-01-20 10:04:17,074 - __main__ - INFO - Репозитории инициализированы
2026-01-20 10:04:17,074 - __main__ - INFO - Сервисы инициализированы
2026-01-20 10:04:17,074 - __main__ - INFO - Запуск пользовательского интерфейса
2026-01-20 10:04:17,075 - WorkspaceService - INFO - Загрузка всех workspace
2026-01-20 10:04:17,075 - WorkspaceRepository - INFO - Загружено 1 workspace
2026-01-20 10:04:17,075 - WorkspaceService - INFO - Загружено 1 workspace
2026-01-20 10:04:17,075 - TaskService - INFO - Загрузка workspace: 71949c37-7916-4b0c-a67f-ed05eec9363d
2026-01-20 10:04:17,075 - TaskRepository - INFO - Загружено задач для workspace 71949c37-7916-4b0c-a67f-ed05eec9363d: 1
2026-01-20 10:04:17,076 - TaskService - INFO - Загружено 1 задач для workspace 71949c37-7916-4b0c-a67f-ed05eec9363d
